<?xml version="1.0" encoding="utf-8" standalone="no"?>
<test-results xmlns:xsi="http://www.w3.org/2001/XMLSchema-instance" xsi:noNamespaceSchemaLocation="nunit_schema_2.5.xsd" name="Pester" total="74" errors="0" failures="1" not-run="0" inconclusive="0" ignored="0" skipped="0" invalid="0" date="2026-03-12" time="15:47:15">
  <environment clr-version="4.0.30319.42000" user-domain="DESKTOP-O8KBLGE" cwd="C:\Users\DanCastello\Documents\automation_framework\AutoBuild_v3_fixed8\AutoBuild_v3" platform="Microsoft Windows 10 Home|C:\Windows|\Device\Harddisk1\Partition1" machine-name="DESKTOP-O8KBLGE" nunit-version="2.5.8.0" os-version="10.0.19045" user="DanCastello" />
  <culture-info current-culture="es-MX" current-uiculture="es-MX" />
  <test-suite type="TestFixture" name="Pester" executed="True" result="Failure" success="False" time="5.9785" asserts="0" description="Pester">
    <results>
      <test-suite type="TestFixture" name="C:\Users\DanCastello\Documents\automation_framework\AutoBuild_v3_fixed8\AutoBuild_v3\tests\AutoBuild.Tests.ps1" executed="True" result="Failure" success="False" time="5.9785" asserts="0" description="C:\Users\DanCastello\Documents\automation_framework\AutoBuild_v3_fixed8\AutoBuild_v3\tests\AutoBuild.Tests.ps1">
        <results>
          <test-suite type="TestFixture" name="Config.ps1" executed="True" result="Success" success="True" time="0.5185" asserts="0" description="Config.ps1">
            <results>
              <test-suite type="TestFixture" name="Config.ps1.Get-EngineConfig defaults" executed="True" result="Success" success="True" time="0.276" asserts="0" description="Config.ps1.Get-EngineConfig defaults">
                <results>
                  <test-case description="returns a hashtable with all expected sections" name="Config.ps1.Get-EngineConfig defaults.returns a hashtable with all expected sections" time="0.1378" asserts="0" success="True" result="Success" executed="True" />
                  <test-case description="creates working directories under Root" name="Config.ps1.Get-EngineConfig defaults.creates working directories under Root" time="0.045" asserts="0" success="True" result="Success" executed="True" />
                  <test-case description="returns conservative production defaults" name="Config.ps1.Get-EngineConfig defaults.returns conservative production defaults" time="0.0263" asserts="0" success="True" result="Success" executed="True" />
                  <test-case description="returns a NEW object each call (not a cached reference)" name="Config.ps1.Get-EngineConfig defaults.returns a NEW object each call (not a cached reference)" time="0.0215" asserts="0" success="True" result="Success" executed="True" />
                </results>
              </test-suite>
              <test-suite type="TestFixture" name="Config.ps1.Get-EngineConfig file merge" executed="True" result="Success" success="True" time="0.4014" asserts="0" description="Config.ps1.Get-EngineConfig file merge">
                <results>
                  <test-case description="merges values from engine.config.json" name="Config.ps1.Get-EngineConfig file merge.merges values from engine.config.json" time="0.0569" asserts="0" success="True" result="Success" executed="True" />
                  <test-case description="tolerates a missing or malformed config file gracefully" name="Config.ps1.Get-EngineConfig file merge.tolerates a missing or malformed config file gracefully" time="0.052" asserts="0" success="True" result="Success" executed="True" />
                </results>
              </test-suite>
              <test-suite type="TestFixture" name="Config.ps1.Get-ConfigSection" executed="True" result="Success" success="True" time="0.4772" asserts="0" description="Config.ps1.Get-ConfigSection">
                <results>
                  <test-case description="returns a clone of the named section" name="Config.ps1.Get-ConfigSection.returns a clone of the named section" time="0.0201" asserts="0" success="True" result="Success" executed="True" />
                  <test-case description="returns empty hashtable for missing section" name="Config.ps1.Get-ConfigSection.returns empty hashtable for missing section" time="0.0474" asserts="0" success="True" result="Success" executed="True" />
                </results>
              </test-suite>
            </results>
          </test-suite>
          <test-suite type="TestFixture" name="Logger.ps1" executed="True" result="Success" success="True" time="0.9508" asserts="0" description="Logger.ps1">
            <results>
              <test-suite type="TestFixture" name="Logger.ps1.New-RunId" executed="True" result="Success" success="True" time="0.145" asserts="0" description="Logger.ps1.New-RunId">
                <results>
                  <test-case description="returns a string" name="Logger.ps1.New-RunId.returns a string" time="0.0276" asserts="0" success="True" result="Success" executed="True" />
                  <test-case description="includes a timestamp prefix (yyyyMMdd_HHmmss)" name="Logger.ps1.New-RunId.includes a timestamp prefix (yyyyMMdd_HHmmss)" time="0.0153" asserts="0" success="True" result="Success" executed="True" />
                  <test-case description="generates unique IDs under rapid successive calls" name="Logger.ps1.New-RunId.generates unique IDs under rapid successive calls" time="0.093" asserts="0" success="True" result="Success" executed="True" />
                </results>
              </test-suite>
              <test-suite type="TestFixture" name="Logger.ps1.Invoke-SanitizeLogText (via Write-BuildLog)" executed="True" result="Success" success="True" time="0.2276" asserts="0" description="Logger.ps1.Invoke-SanitizeLogText (via Write-BuildLog)">
                <results>
                  <test-case description="replaces CRLF with pipe separator" name="Logger.ps1.Invoke-SanitizeLogText (via Write-BuildLog).replaces CRLF with pipe separator" time="0.0189" asserts="0" success="True" result="Success" executed="True" />
                  <test-case description="replaces LF with pipe separator" name="Logger.ps1.Invoke-SanitizeLogText (via Write-BuildLog).replaces LF with pipe separator" time="0.018" asserts="0" success="True" result="Success" executed="True" />
                  <test-case description="strips control characters" name="Logger.ps1.Invoke-SanitizeLogText (via Write-BuildLog).strips control characters" time="0.0165" asserts="0" success="True" result="Success" executed="True" />
                  <test-case description="handles empty string without error" name="Logger.ps1.Invoke-SanitizeLogText (via Write-BuildLog).handles empty string without error" time="0.0209" asserts="0" success="True" result="Success" executed="True" />
                </results>
              </test-suite>
              <test-suite type="TestFixture" name="Logger.ps1.Invoke-LogRotationIfNeeded" executed="True" result="Success" success="True" time="0.3082" asserts="0" description="Logger.ps1.Invoke-LogRotationIfNeeded">
                <results>
                  <test-case description="does nothing when file is below threshold" name="Logger.ps1.Invoke-LogRotationIfNeeded.does nothing when file is below threshold" time="0.0243" asserts="0" success="True" result="Success" executed="True" />
                  <test-case description="renames the file when size exceeds threshold" name="Logger.ps1.Invoke-LogRotationIfNeeded.renames the file when size exceeds threshold" time="0.0239" asserts="0" success="True" result="Success" executed="True" />
                  <test-case description="does nothing if file does not exist" name="Logger.ps1.Invoke-LogRotationIfNeeded.does nothing if file does not exist" time="0.0246" asserts="0" success="True" result="Success" executed="True" />
                </results>
              </test-suite>
              <test-suite type="TestFixture" name="Logger.ps1.Invoke-LogPurge" executed="True" result="Success" success="True" time="0.4263" asserts="0" description="Logger.ps1.Invoke-LogPurge">
                <results>
                  <test-case description="deletes archive files older than RetentionDays" name="Logger.ps1.Invoke-LogPurge.deletes archive files older than RetentionDays" time="0.089" asserts="0" success="True" result="Success" executed="True" />
                  <test-case description="does NOT delete the active registry.jsonl" name="Logger.ps1.Invoke-LogPurge.does NOT delete the active registry.jsonl" time="0.0178" asserts="0" success="True" result="Success" executed="True" />
                </results>
              </test-suite>
            </results>
          </test-suite>
          <test-suite type="TestFixture" name="Context.ps1" executed="True" result="Success" success="True" time="1.113" asserts="0" description="Context.ps1">
            <results>
              <test-suite type="TestFixture" name="Context.ps1.New-TaskContext" executed="True" result="Success" success="True" time="0.1575" asserts="0" description="Context.ps1.New-TaskContext">
                <results>
                  <test-case description="returns a hashtable with all required keys" name="Context.ps1.New-TaskContext.returns a hashtable with all required keys" time="0.0384" asserts="0" success="True" result="Success" executed="True" />
                  <test-case description="derives all paths from Root" name="Context.ps1.New-TaskContext.derives all paths from Root" time="0.0255" asserts="0" success="True" result="Success" executed="True" />
                  <test-case description="produces isolated config copies (mutation does not affect original)" name="Context.ps1.New-TaskContext.produces isolated config copies (mutation does not affect original)" time="0.0178" asserts="0" success="True" result="Success" executed="True" />
                  <test-case description="propagates custom Params" name="Context.ps1.New-TaskContext.propagates custom Params" time="0.0163" asserts="0" success="True" result="Success" executed="True" />
                  <test-case description="captures a non-empty User" name="Context.ps1.New-TaskContext.captures a non-empty User" time="0.025" asserts="0" success="True" result="Success" executed="True" />
                  <test-case description="captures Hostname" name="Context.ps1.New-TaskContext.captures Hostname" time="0.0139" asserts="0" success="True" result="Success" executed="True" />
                  <test-case description="sets SessionId to current PID" name="Context.ps1.New-TaskContext.sets SessionId to current PID" time="0.0151" asserts="0" success="True" result="Success" executed="True" />
                </results>
              </test-suite>
            </results>
          </test-suite>
          <test-suite type="TestFixture" name="Auth.ps1" executed="True" result="Success" success="True" time="1.3672" asserts="0" description="Auth.ps1">
            <results>
              <test-suite type="TestFixture" name="Auth.ps1.Test-Permission" executed="True" result="Success" success="True" time="0.0885" asserts="0" description="Auth.ps1.Test-Permission">
                <results>
                  <test-case description="grants Operator basic actions" name="Auth.ps1.Test-Permission.grants Operator basic actions" time="0.0189" asserts="0" success="True" result="Success" executed="True" />
                  <test-case description="denies Operator elevated actions" name="Auth.ps1.Test-Permission.denies Operator elevated actions" time="0.0146" asserts="0" success="True" result="Success" executed="True" />
                  <test-case description="grants Developer task creation but not config" name="Auth.ps1.Test-Permission.grants Developer task creation but not config" time="0.0146" asserts="0" success="True" result="Success" executed="True" />
                  <test-case description="grants Admin all actions" name="Auth.ps1.Test-Permission.grants Admin all actions" time="0.0191" asserts="0" success="True" result="Success" executed="True" />
                  <test-case description="returns false for unknown actions (fail-safe)" name="Auth.ps1.Test-Permission.returns false for unknown actions (fail-safe)" time="0.0163" asserts="0" success="True" result="Success" executed="True" />
                </results>
              </test-suite>
              <test-suite type="TestFixture" name="Auth.ps1.Assert-Permission" executed="True" result="Success" success="True" time="0.172" asserts="0" description="Auth.ps1.Assert-Permission">
                <results>
                  <test-case description="does not throw when permission is granted" name="Auth.ps1.Assert-Permission.does not throw when permission is granted" time="0.0281" asserts="0" success="True" result="Success" executed="True" />
                  <test-case description="throws a descriptive error when permission is denied" name="Auth.ps1.Assert-Permission.throws a descriptive error when permission is denied" time="0.0468" asserts="0" success="True" result="Success" executed="True" />
                </results>
              </test-suite>
              <test-suite type="TestFixture" name="Auth.ps1.Resolve-UserRole ceiling enforcement" executed="True" result="Success" success="True" time="0.2488" asserts="0" description="Auth.ps1.Resolve-UserRole ceiling enforcement">
                <results>
                  <test-case description="applies RequestedRole as ceiling even if user qualifies higher" name="Auth.ps1.Resolve-UserRole ceiling enforcement.applies RequestedRole as ceiling even if user qualifies higher" time="0.0565" asserts="0" success="True" result="Success" executed="True" />
                  <test-case description="returns a valid role string in all cases" name="Auth.ps1.Resolve-UserRole ceiling enforcement.returns a valid role string in all cases" time="0.0133" asserts="0" success="True" result="Success" executed="True" />
                </results>
              </test-suite>
            </results>
          </test-suite>
          <test-suite type="TestFixture" name="Retry.ps1" executed="True" result="Success" success="True" time="1.595" asserts="0" description="Retry.ps1">
            <results>
              <test-suite type="TestFixture" name="Retry.ps1.Invoke-WithRetry - success path" executed="True" result="Success" success="True" time="0.1264" asserts="0" description="Retry.ps1.Invoke-WithRetry - success path">
                <results>
                  <test-case description="returns the value from the ScriptBlock on first attempt" name="Retry.ps1.Invoke-WithRetry - success path.returns the value from the ScriptBlock on first attempt" time="0.0503" asserts="0" success="True" result="Success" executed="True" />
                  <test-case description="returns after a transient failure followed by success" name="Retry.ps1.Invoke-WithRetry - success path.returns after a transient failure followed by success" time="0.0683" asserts="0" success="True" result="Success" executed="True" />
                </results>
              </test-suite>
              <test-suite type="TestFixture" name="Retry.ps1.Invoke-WithRetry - failure path" executed="True" result="Success" success="True" time="0.223" asserts="0" description="Retry.ps1.Invoke-WithRetry - failure path">
                <results>
                  <test-case description="throws after exhausting all retries" name="Retry.ps1.Invoke-WithRetry - failure path.throws after exhausting all retries" time="0.0429" asserts="0" success="True" result="Success" executed="True" />
                  <test-case description="respects MaxRetries count (n+1 total attempts)" name="Retry.ps1.Invoke-WithRetry - failure path.respects MaxRetries count (n+1 total attempts)" time="0.0454" asserts="0" success="True" result="Success" executed="True" />
                </results>
              </test-suite>
            </results>
          </test-suite>
          <test-suite type="TestFixture" name="ComHelper.ps1" executed="True" result="Success" success="True" time="1.6963" asserts="0" description="ComHelper.ps1">
            <results>
              <test-suite type="TestFixture" name="ComHelper.ps1.Register-EngineCom / Unregister-EngineCom / Remove-ZombieCom" executed="True" result="Success" success="True" time="0.0283" asserts="0" description="ComHelper.ps1.Register-EngineCom / Unregister-EngineCom / Remove-ZombieCom">
                <results>
                  <test-case description="registered PID is protected from zombie cleanup" name="ComHelper.ps1.Register-EngineCom / Unregister-EngineCom / Remove-ZombieCom.registered PID is protected from zombie cleanup" time="0.0232" asserts="0" success="True" result="Success" executed="True" />
                </results>
              </test-suite>
              <test-suite type="TestFixture" name="ComHelper.ps1.Invoke-ReleaseComObject" executed="True" result="Success" success="True" time="0.0714" asserts="0" description="ComHelper.ps1.Invoke-ReleaseComObject">
                <results>
                  <test-case description="handles null input without throwing" name="ComHelper.ps1.Invoke-ReleaseComObject.handles null input without throwing" time="0.019" asserts="0" success="True" result="Success" executed="True" />
                  <test-case description="respects the max iteration cap (does not spin forever)" name="ComHelper.ps1.Invoke-ReleaseComObject.respects the max iteration cap (does not spin forever)" time="0.019" asserts="0" success="True" result="Success" executed="True" />
                </results>
              </test-suite>
              <test-suite type="TestFixture" name="ComHelper.ps1.Release-ComObject alias" executed="True" result="Success" success="True" time="0.0939" asserts="0" description="ComHelper.ps1.Release-ComObject alias">
                <results>
                  <test-case description="alias exists and points to Invoke-ReleaseComObject" name="ComHelper.ps1.Release-ComObject alias.alias exists and points to Invoke-ReleaseComObject" time="0.017" asserts="0" success="True" result="Success" executed="True" />
                </results>
              </test-suite>
            </results>
          </test-suite>
          <test-suite type="TestFixture" name="ExcelHelper.ps1" executed="True" result="Success" success="True" time="1.8208" asserts="0" description="ExcelHelper.ps1">
            <results>
              <test-suite type="TestFixture" name="ExcelHelper.ps1.Write-ExcelRange 2D array construction" executed="True" result="Success" success="True" time="0.0771" asserts="0" description="ExcelHelper.ps1.Write-ExcelRange 2D array construction">
                <results>
                  <test-case description="builds correct dimensions for data + header" name="ExcelHelper.ps1.Write-ExcelRange 2D array construction.builds correct dimensions for data + header" time="0.051" asserts="0" success="True" result="Success" executed="True" />
                  <test-case description="skips header row when WriteHeaders = false" name="ExcelHelper.ps1.Write-ExcelRange 2D array construction.skips header row when WriteHeaders = false" time="0.0204" asserts="0" success="True" result="Success" executed="True" />
                </results>
              </test-suite>
              <test-suite type="TestFixture" name="ExcelHelper.ps1.ExcelFormats dictionary" executed="True" result="Success" success="True" time="0.1001" asserts="0" description="ExcelHelper.ps1.ExcelFormats dictionary">
                <results>
                  <test-case description="contains all expected format codes" name="ExcelHelper.ps1.ExcelFormats dictionary.contains all expected format codes" time="0.0173" asserts="0" success="True" result="Success" executed="True" />
                </results>
              </test-suite>
              <test-suite type="TestFixture" name="ExcelHelper.ps1.Write-ExcelData backward-compatibility alias" executed="True" result="Success" success="True" time="0.1199" asserts="0" description="ExcelHelper.ps1.Write-ExcelData backward-compatibility alias">
                <results>
                  <test-case description="function Write-ExcelData exists as alias to Write-ExcelRange" name="ExcelHelper.ps1.Write-ExcelData backward-compatibility alias.function Write-ExcelData exists as alias to Write-ExcelRange" time="0.015" asserts="0" success="True" result="Success" executed="True" />
                </results>
              </test-suite>
            </results>
          </test-suite>
          <test-suite type="TestFixture" name="SapHelper.ps1" executed="True" result="Success" success="True" time="3.1849" asserts="0" description="SapHelper.ps1">
            <results>
              <test-suite type="TestFixture" name="SapHelper.ps1.Wait-SapReady" executed="True" result="Success" success="True" time="1.1886" asserts="0" description="SapHelper.ps1.Wait-SapReady">
                <results>
                  <test-case description="returns true immediately when session is not busy" name="SapHelper.ps1.Wait-SapReady.returns true immediately when session is not busy" time="0.0319" asserts="0" success="True" result="Success" executed="True" />
                  <test-case description="returns false when session stays busy past timeout" name="SapHelper.ps1.Wait-SapReady.returns false when session stays busy past timeout" time="1.1321" asserts="0" success="True" result="Success" executed="True" />
                  <test-case description="returns true if Info throws (assume ready on error)" name="SapHelper.ps1.Wait-SapReady.returns true if Info throws (assume ready on error)" time="0.0168" asserts="0" success="True" result="Success" executed="True" />
                </results>
              </test-suite>
              <test-suite type="TestFixture" name="SapHelper.ps1.Export-SapTableToArray - ALV detection" executed="True" result="Success" success="True" time="1.3588" asserts="0" description="SapHelper.ps1.Export-SapTableToArray - ALV detection">
                <results>
                  <test-case description="uses GetCellValue for GuiGridView type" name="SapHelper.ps1.Export-SapTableToArray - ALV detection.uses GetCellValue for GuiGridView type" time="0.0553" asserts="0" success="True" result="Success" executed="True" />
                  <test-case description="uses GetCell for GuiTableControl type" name="SapHelper.ps1.Export-SapTableToArray - ALV detection.uses GetCell for GuiTableControl type" time="0.0428" asserts="0" success="True" result="Success" executed="True" />
                  <test-case description="respects CancellationToken and returns partial results" name="SapHelper.ps1.Export-SapTableToArray - ALV detection.respects CancellationToken and returns partial results" time="0.0465" asserts="0" success="True" result="Success" executed="True" />
                  <test-case description="uses a List internally (not += array operator)" name="SapHelper.ps1.Export-SapTableToArray - ALV detection.uses a List internally (not += array operator)" time="0.0142" asserts="0" success="True" result="Success" executed="True" />
                </results>
              </test-suite>
            </results>
          </test-suite>
          <test-suite type="TestFixture" name="Assertions.ps1" executed="True" result="Success" success="True" time="3.6243" asserts="0" description="Assertions.ps1">
            <results>
              <test-suite type="TestFixture" name="Assertions.ps1.Assert-Param" executed="True" result="Success" success="True" time="0.2211" asserts="0" description="Assertions.ps1.Assert-Param">
                <results>
                  <test-case description="does not throw for a non-empty value" name="Assertions.ps1.Assert-Param.does not throw for a non-empty value" time="0.0328" asserts="0" success="True" result="Success" executed="True" />
                  <test-case description="throws for an empty string" name="Assertions.ps1.Assert-Param.throws for an empty string" time="0.0254" asserts="0" success="True" result="Success" executed="True" />
                  <test-case description="throws for a whitespace-only string" name="Assertions.ps1.Assert-Param.throws for a whitespace-only string" time="0.0242" asserts="0" success="True" result="Success" executed="True" />
                  <test-case description="includes the parameter name in the error message" name="Assertions.ps1.Assert-Param.includes the parameter name in the error message" time="0.1301" asserts="0" success="True" result="Success" executed="True" />
                </results>
              </test-suite>
              <test-suite type="TestFixture" name="Assertions.ps1.Assert-FileExists" executed="True" result="Success" success="True" time="0.3029" asserts="0" description="Assertions.ps1.Assert-FileExists">
                <results>
                  <test-case description="does not throw when file exists" name="Assertions.ps1.Assert-FileExists.does not throw when file exists" time="0.0383" asserts="0" success="True" result="Success" executed="True" />
                  <test-case description="throws when file does not exist" name="Assertions.ps1.Assert-FileExists.throws when file does not exist" time="0.0339" asserts="0" success="True" result="Success" executed="True" />
                </results>
              </test-suite>
              <test-suite type="TestFixture" name="Assertions.ps1.Assert-SapSession" executed="True" result="Success" success="True" time="0.3621" asserts="0" description="Assertions.ps1.Assert-SapSession">
                <results>
                  <test-case description="does not throw for a non-null session" name="Assertions.ps1.Assert-SapSession.does not throw for a non-null session" time="0.0265" asserts="0" success="True" result="Success" executed="True" />
                  <test-case description="throws for a null session" name="Assertions.ps1.Assert-SapSession.throws for a null session" time="0.0245" asserts="0" success="True" result="Success" executed="True" />
                </results>
              </test-suite>
              <test-suite type="TestFixture" name="Assertions.ps1.Test-TaskAsset" executed="True" result="Success" success="True" time="0.4313" asserts="0" description="Assertions.ps1.Test-TaskAsset">
                <results>
                  <test-case description="validates multiple params at once" name="Assertions.ps1.Test-TaskAsset.validates multiple params at once" time="0.035" asserts="0" success="True" result="Success" executed="True" />
                  <test-case description="validates files and params together" name="Assertions.ps1.Test-TaskAsset.validates files and params together" time="0.023" asserts="0" success="True" result="Success" executed="True" />
                </results>
              </test-suite>
            </results>
          </test-suite>
          <test-suite type="TestFixture" name="Integration: Full Log Write Cycle" executed="True" result="Failure" success="False" time="3.9695" asserts="0" description="Integration: Full Log Write Cycle">
            <results>
              <test-case description="writes a valid JSONL entry to the log file" name="Integration: Full Log Write Cycle.writes a valid JSONL entry to the log file" time="0.0451" asserts="0" success="True" result="Success" executed="True" />
              <test-case description="sanitizes newlines in Detail field" name="Integration: Full Log Write Cycle.sanitizes newlines in Detail field" time="0.0268" asserts="0" success="True" result="Success" executed="True" />
              <test-case description="Write-RunResult writes an OK entry with elapsed time" name="Integration: Full Log Write Cycle.Write-RunResult writes an OK entry with elapsed time" time="0.0565" asserts="0" success="True" result="Success" executed="True" />
              <test-case description="auto-creates the logs directory when it does not exist (CRITICAL-ISSUE-1)" name="Integration: Full Log Write Cycle.auto-creates the logs directory when it does not exist (CRITICAL-ISSUE-1)" time="0.0437" asserts="0" success="True" result="Success" executed="True" />
              <test-case description="JSONL entries written after auto-dir-create are valid JSON (CRITICAL-ISSUE-1)" name="Integration: Full Log Write Cycle.JSONL entries written after auto-dir-create are valid JSON (CRITICAL-ISSUE-1)" time="0.1354" asserts="0" success="False" result="Failure" executed="True">
                <failure>
                  <message>PropertyNotFoundException: No se encuentra la propiedad 'task' en este objeto. Compruebe que existe.</message>
                  <stack-trace>en &lt;ScriptBlock&gt;, C:\Users\DanCastello\Documents\automation_framework\AutoBuild_v3_fixed8\AutoBuild_v3\tests\AutoBuild.Tests.ps1: línea 807
en &lt;ScriptBlock&gt;, C:\Users\DanCastello\Documents\WindowsPowerShell\Modules\Pester\5.7.1\Pester.psm1: línea 2024
en &lt;ScriptBlock&gt;, C:\Users\DanCastello\Documents\WindowsPowerShell\Modules\Pester\5.7.1\Pester.psm1: línea 1985
en Invoke-ScriptBlock, C:\Users\DanCastello\Documents\WindowsPowerShell\Modules\Pester\5.7.1\Pester.psm1: línea 2157
en Invoke-TestItem, C:\Users\DanCastello\Documents\WindowsPowerShell\Modules\Pester\5.7.1\Pester.psm1: línea 1199
en Invoke-Block, C:\Users\DanCastello\Documents\WindowsPowerShell\Modules\Pester\5.7.1\Pester.psm1: línea 835
en &lt;ScriptBlock&gt;, C:\Users\DanCastello\Documents\WindowsPowerShell\Modules\Pester\5.7.1\Pester.psm1: línea 893
en &lt;ScriptBlock&gt;, C:\Users\DanCastello\Documents\WindowsPowerShell\Modules\Pester\5.7.1\Pester.psm1: línea 2024
en &lt;ScriptBlock&gt;, C:\Users\DanCastello\Documents\WindowsPowerShell\Modules\Pester\5.7.1\Pester.psm1: línea 1985
en Invoke-ScriptBlock, C:\Users\DanCastello\Documents\WindowsPowerShell\Modules\Pester\5.7.1\Pester.psm1: línea 2160
en Invoke-Block, C:\Users\DanCastello\Documents\WindowsPowerShell\Modules\Pester\5.7.1\Pester.psm1: línea 940
en &lt;ScriptBlock&gt;, C:\Users\DanCastello\Documents\WindowsPowerShell\Modules\Pester\5.7.1\Pester.psm1: línea 893
en &lt;ScriptBlock&gt;, C:\Users\DanCastello\Documents\WindowsPowerShell\Modules\Pester\5.7.1\Pester.psm1: línea 2024
en &lt;ScriptBlock&gt;, C:\Users\DanCastello\Documents\WindowsPowerShell\Modules\Pester\5.7.1\Pester.psm1: línea 1985
en Invoke-ScriptBlock, C:\Users\DanCastello\Documents\WindowsPowerShell\Modules\Pester\5.7.1\Pester.psm1: línea 2160
en Invoke-Block, C:\Users\DanCastello\Documents\WindowsPowerShell\Modules\Pester\5.7.1\Pester.psm1: línea 940
en &lt;ScriptBlock&gt;, C:\Users\DanCastello\Documents\WindowsPowerShell\Modules\Pester\5.7.1\Pester.psm1: línea 1688
en &lt;ScriptBlock&gt;, C:\Users\DanCastello\Documents\WindowsPowerShell\Modules\Pester\5.7.1\Pester.ps1: línea 3
en &lt;ScriptBlock&gt;, C:\Users\DanCastello\Documents\WindowsPowerShell\Modules\Pester\5.7.1\Pester.psm1: línea 3260
en Invoke-InNewScriptScope, C:\Users\DanCastello\Documents\WindowsPowerShell\Modules\Pester\5.7.1\Pester.psm1: línea 3267
en Run-Test, C:\Users\DanCastello\Documents\WindowsPowerShell\Modules\Pester\5.7.1\Pester.psm1: línea 1691
en Invoke-Test, C:\Users\DanCastello\Documents\WindowsPowerShell\Modules\Pester\5.7.1\Pester.psm1: línea 2512
en Invoke-Pester&lt;End&gt;, C:\Users\DanCastello\Documents\WindowsPowerShell\Modules\Pester\5.7.1\Pester.psm1: línea 4960
en &lt;ScriptBlock&gt;, C:\Users\DanCastello\Documents\automation_framework\AutoBuild_v3_fixed8\AutoBuild_v3\Run-Tests.ps1: línea 35
en &lt;ScriptBlock&gt;, &lt;sin archivo&gt;: línea 1</stack-trace>
                </failure>
              </test-case>
            </results>
          </test-suite>
          <test-suite type="TestFixture" name="Retry.ps1 - delay interpolation (CRITICAL-ISSUE-2)" executed="True" result="Success" success="True" time="4.095" asserts="0" description="Retry.ps1 - delay interpolation (CRITICAL-ISSUE-2)">
            <results>
              <test-case description="WARN log message contains a numeric delay value (not empty &quot;s.&quot;)" name="Retry.ps1 - delay interpolation (CRITICAL-ISSUE-2).WARN log message contains a numeric delay value (not empty &quot;s.&quot;)" time="0.1175" asserts="0" success="True" result="Success" executed="True" />
            </results>
          </test-suite>
          <test-suite type="TestFixture" name="Config.ps1 - missing optional sections (CRITICAL-ISSUE-3)" executed="True" result="Success" success="True" time="4.1897" asserts="0" description="Config.ps1 - missing optional sections (CRITICAL-ISSUE-3)">
            <results>
              <test-case description="merges a config file that omits optional sections without throwing" name="Config.ps1 - missing optional sections (CRITICAL-ISSUE-3).merges a config file that omits optional sections without throwing" time="0.0281" asserts="0" success="True" result="Success" executed="True" />
              <test-case description="keeps default values for sections absent from the config file" name="Config.ps1 - missing optional sections (CRITICAL-ISSUE-3).keeps default values for sections absent from the config file" time="0.0242" asserts="0" success="True" result="Success" executed="True" />
              <test-case description="merges a config file that supplies only one optional section" name="Config.ps1 - missing optional sections (CRITICAL-ISSUE-3).merges a config file that supplies only one optional section" time="0.0242" asserts="0" success="True" result="Success" executed="True" />
            </results>
          </test-suite>
        </results>
      </test-suite>
    </results>
  </test-suite>
</test-results>